[18:50:03] [ServerMain/INFO]: Environment: authHost='https://authserver.mojang.com', accountsHost='https://api.mojang.com', sessionHost='https://sessionserver.mojang.com', servicesHost='https://api.minecraftservices.com', name='PROD'
[18:50:06] [ServerMain/INFO]: Loaded 7 recipes
[18:50:07] [Server thread/INFO]: Starting minecraft server version 1.20.1
[18:50:07] [Server thread/INFO]: Loading properties
[18:50:07] [Server thread/INFO]: This server is running Paper version git-Paper-196 (MC: 1.20.1) (Implementing API version 1.20.1-R0.1-SNAPSHOT) (Git: 773dd72)
[18:50:09] [Server thread/INFO]: Server Ping Player Sample Count: 12
[18:50:09] [Server thread/INFO]: Using 4 threads for Netty based IO
[18:50:09] [Server thread/WARN]: [!] The timings profiler has been enabled but has been scheduled for removal from Paper in the future.
    We recommend installing the spark profiler as a replacement: https://spark.lucko.me/
    For more information please visit: https://github.com/PaperMC/Paper/issues/8948
[18:50:09] [Server thread/INFO]: [ChunkTaskScheduler] Chunk system is using 1 I/O threads, 1 worker threads, and gen parallelism of 1 threads
[18:50:10] [Server thread/INFO]: Default game type: SURVIVAL
[18:50:10] [Server thread/INFO]: Generating keypair
[18:50:10] [Server thread/INFO]: Starting Minecraft server on *:25565
[18:50:10] [Server thread/INFO]: Using epoll channel type
[18:50:10] [Server thread/INFO]: Paper: Using libdeflate (Linux x86_64) compression from Velocity.
[18:50:10] [Server thread/INFO]: Paper: Using OpenSSL 3.0.x (Linux x86_64) cipher from Velocity.
[18:50:10] [Server thread/INFO]: Server permissions file permissions.yml is empty, ignoring it
[18:50:10] [Server thread/WARN]: **** SERVER IS RUNNING IN OFFLINE/INSECURE MODE!
[18:50:10] [Server thread/WARN]: The server will make no attempt to authenticate usernames. Beware.
[18:50:10] [Server thread/WARN]: While this makes the game possible to play without internet access, it also opens up the ability for hackers to connect with any username they choose.
[18:50:10] [Server thread/WARN]: To change this, set "online-mode" to "true" in the server.properties file.
[18:50:10] [Server thread/INFO]: Preparing level "world"
[18:50:11] [Server thread/INFO]: Preparing start region for dimension minecraft:overworld
[18:50:12] [Server thread/INFO]: Time elapsed: 600 ms
[18:50:12] [Server thread/INFO]: Preparing start region for dimension minecraft:the_nether
[18:50:12] [Server thread/INFO]: Time elapsed: 163 ms
[18:50:12] [Server thread/INFO]: Preparing start region for dimension minecraft:the_end
[18:50:12] [Server thread/INFO]: Time elapsed: 142 ms
[18:50:12] [Server thread/INFO]: Running delayed init tasks
[18:50:12] [Server thread/INFO]: Done (4.995s)! For help, type "help"
[18:50:12] [Server thread/INFO]: Timings Reset
[18:54:36] [User Authenticator #0/INFO]: UUID of player valen_cho is 17ca5cfc-ad62-3c36-a5c6-7b115ec30170
[18:54:36] [Server thread/INFO]: valen_cho joined the game
[18:54:36] [Server thread/INFO]: valen_cho[/127.154.80.198:48779] logged in with entity id 422 at ([world]485.39951637802, 67.0, -929.9114804816871)
[19:28:00] [Server thread/INFO]: valen_cho was slain by Vex
[19:28:09] [Server thread/INFO]: valen_cho lost connection: Disconnected
[19:28:09] [Server thread/INFO]: valen_cho left the game
[19:28:19] [User Authenticator #1/INFO]: UUID of player valen_cho is 17ca5cfc-ad62-3c36-a5c6-7b115ec30170
[19:28:19] [Server thread/INFO]: valen_cho joined the game
[19:28:19] [Server thread/INFO]: valen_cho[/127.154.80.198:40899] logged in with entity id 7261 at ([world]364.68245354310625, 69.5, -927.8864440506474)
[19:35:09] [Server thread/INFO]: valen_cho has reached the goal [Postmortal]
[19:36:37] [User Authenticator #2/INFO]: UUID of player JustMilaros is 17faf0ce-7657-3f28-a540-4b70c4a9992f
[19:36:37] [Server thread/INFO]: JustMilaros joined the game
[19:36:38] [Server thread/INFO]: JustMilaros[/127.76.223.122:39291] logged in with entity id 9344 at ([world]378.14988789140534, 54.0, -1790.3341600409976)
[19:36:46] [Async Chat Thread - #1/INFO]: [Not Secure] <valen_cho> lo logre
[19:36:57] [Async Chat Thread - #0/INFO]: [Not Secure] <valen_cho> me la tanquie
[19:37:08] [Async Chat Thread - #0/INFO]: [Not Secure] <JustMilaros> vamooo
[19:37:15] [Async Chat Thread - #1/INFO]: [Not Secure] <JustMilaros> eu están matando a todos los yankees
[19:37:17] [Async Chat Thread - #0/INFO]: [Not Secure] <valen_cho> tengo 2 totems
[19:37:19] [Async Chat Thread - #1/INFO]: [Not Secure] <valen_cho> sii
[19:37:25] [Async Chat Thread - #1/INFO]: [Not Secure] <valen_cho> vamooo
[19:37:28] [Async Chat Thread - #0/INFO]: [Not Secure] <valen_cho> llamada?
[19:37:42] [Async Chat Thread - #1/INFO]: [Not Secure] <JustMilaros> que concha le pasó a mi casa
[19:37:51] [Async Chat Thread - #0/INFO]: [Not Secure] <valen_cho> ni idea
[19:39:23] [Async Chat Thread - #3/INFO]: [Not Secure] <valen_cho> llamada?
[19:39:34] [Async Chat Thread - #2/INFO]: [Not Secure] <JustMilaros> no tengo mic
[19:39:40] [Async Chat Thread - #3/INFO]: [Not Secure] <valen_cho> ok
[19:39:40] [Server thread/INFO]: JustMilaros issued server command: /gamemode survival
[19:39:40] [Server thread/INFO]: [JustMilaros: Set own game mode to Survival Mode]
[19:39:51] [Async Chat Thread - #2/INFO]: [Not Secure] <JustMilaros> eu es rarisimo lo de que agus no se pueda unir
[19:39:55] [Async Chat Thread - #3/INFO]: [Not Secure] <valen_cho> mal
[19:39:58] [Async Chat Thread - #2/INFO]: [Not Secure] <JustMilaros> no tengo idea
[19:40:13] [Async Chat Thread - #3/INFO]: [Not Secure] <valen_cho> estara poniendo algo mal?
[19:40:20] [Async Chat Thread - #2/INFO]: [Not Secure] <JustMilaros> podría cambiar la ip pero no c
[19:40:31] [Async Chat Thread - #3/INFO]: [Not Secure] <JustMilaros> el server te estuvo andando bien?
[19:40:35] [Async Chat Thread - #3/INFO]: [Not Secure] <valen_cho> si
[19:41:21] [Async Chat Thread - #2/INFO]: [Not Secure] <valen_cho> eu queres un libro de prote 4?
[19:41:52] [Async Chat Thread - #3/INFO]: [Not Secure] <JustMilaros> cuanto
[19:41:59] [Async Chat Thread - #2/INFO]: [Not Secure] <valen_cho> 27 esmeraldas
[19:42:12] [Async Chat Thread - #2/INFO]: [Not Secure] <JustMilaros> dale
[19:42:36] [Async Chat Thread - #3/INFO]: [Not Secure] <valen_cho> t espero en tu casa
[19:43:02] [Async Chat Thread - #2/INFO]: [Not Secure] <valen_cho> gracias
[19:43:06] [Async Chat Thread - #3/INFO]: [Not Secure] <JustMilaros> vamoo
[19:43:33] [Server thread/INFO]: JustMilaros issued server command: /gamemode creative
[19:43:33] [Server thread/INFO]: [JustMilaros: Set own game mode to Creative Mode]
[19:43:49] [Server thread/INFO]: JustMilaros issued server command: /gamemode survival
[19:43:49] [Server thread/INFO]: [JustMilaros: Set own game mode to Survival Mode]
[19:45:13] [Async Chat Thread - #4/INFO]: [Not Secure] <JustMilaros> murió kappah
[19:45:21] [Async Chat Thread - #5/INFO]: [Not Secure] <valen_cho> nooooo
[19:46:04] [Async Chat Thread - #4/INFO]: [Not Secure] <JustMilaros> lo mató farfa
[19:46:12] [Async Chat Thread - #5/INFO]: [Not Secure] <JustMilaros> creo
[19:49:41] [Server thread/INFO]: JustMilaros issued server command: /gamemode creative
[19:49:41] [Server thread/INFO]: [JustMilaros: Set own game mode to Creative Mode]
[19:50:03] [Async Chat Thread - #7/INFO]: [Not Secure] <valen_cho> eu fabri si queres algun libre decime q tengo descuentos
[19:52:28] [Async Chat Thread - #8/INFO]: [Not Secure] <JustMilaros> eu re cagón santutu al final
[19:52:34] [Async Chat Thread - #9/INFO]: [Not Secure] <valen_cho> mal jajajaja
